#
# A fatal error has been detected by the Java Runtime Environment:
#
#  EXCEPTION_ACCESS_VIOLATION (0xc0000005) at pc=0x00007ffd66496c84, pid=15472, tid=5180
#
# JRE version: Java(TM) SE Runtime Environment 18.9 (11.0.7+8) (build 11.0.7+8-LTS)
# Java VM: Java HotSpot(TM) 64-Bit Server VM 18.9 (11.0.7+8-LTS, mixed mode, tiered, compressed oops, g1 gc, windows-amd64)
# Problematic frame:
# V  [jvm.dll+0x696c84]
#
# No core dump will be written. Minidumps are not enabled by default on client versions of Windows
#
# If you would like to submit a bug report, please visit:
#   https://bugreport.java.com/bugreport/crash.jsp
#

---------------  S U M M A R Y ------------

Command Line: -javaagent:D:\spring-tool-suite-3.9.9.RELEASE-e4.12.0-win32-x86_64\sts-bundle\sts-3.9.9.RELEASE\configuration\org.eclipse.osgi\908\0\.cp\jacocoagent.jar=includes=*,excludes=,exclclassloader=sun.reflect.DelegatingClassLoader,output=tcpclient,port=60811 -ea -Dfile.encoding=UTF-8 org.eclipse.jdt.internal.junit.runner.RemoteTestRunner -version 3 -port 60815 -testLoaderClass org.eclipse.jdt.internal.junit5.runner.JUnit5TestLoader -loaderpluginname org.eclipse.jdt.junit5.runtime -packageNameFile C:\Users\CTSJAV~1\AppData\Local\Temp\packageNames4588978579574658697.txt

Host: Intel(R) Xeon(R) Gold 6140 CPU @ 2.30GHz, 4 cores, 7G,  Windows 10 , 64 bit Build 15063 (10.0.15063.0)
Time: Tue Aug 11 11:53:45 2020 India Standard Time elapsed time: 159 seconds (0d 0h 2m 39s)

---------------  T H R E A D  ---------------

Current thread (0x00000260530ee000):  JavaThread "main" [_thread_in_vm, id=5180, stack(0x000000ee81b00000,0x000000ee81c00000)]

Stack: [0x000000ee81b00000,0x000000ee81c00000],  sp=0x000000ee81bfb568,  free space=1005k
Native frames: (J=compiled Java code, j=interpreted, Vv=VM code, C=native code)
V  [jvm.dll+0x696c84]

Java frames: (J=compiled Java code, j=interpreted, Vv=VM code)
J 3743  java.lang.Class.getDeclaredMethods0(Z)[Ljava/lang/reflect/Method; java.base@11.0.7 (0 bytes) @ 0x000002606319687b [0x0000026063196840+0x000000000000003b]
J 6917 c2 java.lang.Class.privateGetDeclaredMethods(Z)[Ljava/lang/reflect/Method; java.base@11.0.7 (64 bytes) @ 0x00000260633cc170 [0x00000260633cbe80+0x00000000000002f0]
J 5271 c1 org.springframework.util.ReflectionUtils.getDeclaredMethods(Ljava/lang/Class;Z)[Ljava/lang/reflect/Method; (337 bytes) @ 0x000002605bb0e8ec [0x000002605bb0e760+0x000000000000018c]
J 8010 c1 org.springframework.util.ReflectionUtils.doWithLocalMethods(Ljava/lang/Class;Lorg/springframework/util/ReflectionUtils$MethodCallback;)V (126 bytes) @ 0x000002605cb2a494 [0x000002605cb2a400+0x0000000000000094]
j  org.springframework.beans.factory.annotation.AutowiredAnnotationBeanPostProcessor.determineCandidateConstructors(Ljava/lang/Class;Ljava/lang/String;)[Ljava/lang/reflect/Constructor;+70
J 7421 c1 org.springframework.beans.factory.support.AbstractAutowireCapableBeanFactory.determineConstructorsFromBeanPostProcessors(Ljava/lang/Class;Ljava/lang/String;)[Ljava/lang/reflect/Constructor; (168 bytes) @ 0x000002605c95ca84 [0x000002605c95c7e0+0x00000000000002a4]
J 8208 c1 org.springframework.beans.factory.support.AbstractAutowireCapableBeanFactory.createBeanInstance(Ljava/lang/String;Lorg/springframework/beans/factory/support/RootBeanDefinition;[Ljava/lang/Object;)Lorg/springframework/beans/BeanWrapper; (492 bytes) @ 0x000002605cb86174 [0x000002605cb85680+0x0000000000000af4]
J 7703 c1 org.springframework.beans.factory.support.AbstractAutowireCapableBeanFactory.doCreateBean(Ljava/lang/String;Lorg/springframework/beans/factory/support/RootBeanDefinition;[Ljava/lang/Object;)Ljava/lang/Object; (966 bytes) @ 0x000002605ca1b4ac [0x000002605ca1afc0+0x00000000000004ec]
j  org.springframework.beans.factory.support.AbstractAutowireCapableBeanFactory.createBean(Ljava/lang/String;Lorg/springframework/beans/factory/support/RootBeanDefinition;[Ljava/lang/Object;)Ljava/lang/Object;+294
J 7702 c1 org.springframework.beans.factory.support.AbstractBeanFactory.lambda$doGetBean$0(Ljava/lang/String;Lorg/springframework/beans/factory/support/RootBeanDefinition;[Ljava/lang/Object;)Ljava/lang/Object; (44 bytes) @ 0x000002605ca1a324 [0x000002605ca1a1e0+0x0000000000000144]
J 7701 c1 org.springframework.beans.factory.support.AbstractBeanFactory$$Lambda$523.getObject()Ljava/lang/Object; (20 bytes) @ 0x000002605ca19e4c [0x000002605ca19dc0+0x000000000000008c]
J 7789 c1 org.springframework.beans.factory.support.DefaultSingletonBeanRegistry.getSingleton(Ljava/lang/String;Lorg/springframework/beans/factory/ObjectFactory;)Ljava/lang/Object; (506 bytes) @ 0x000002605ca6f504 [0x000002605ca6eee0+0x0000000000000624]
J 4959 c1 org.springframework.beans.factory.support.AbstractBeanFactory.doGetBean(Ljava/lang/String;Ljava/lang/Class;[Ljava/lang/Object;Z)Ljava/lang/Object; (1353 bytes) @ 0x000002605c583b0c [0x000002605c583360+0x00000000000007ac]
J 7523 c1 org.springframework.beans.factory.support.AbstractBeanFactory.getBean(Ljava/lang/String;)Ljava/lang/Object; (18 bytes) @ 0x000002605c99d7d4 [0x000002605c99d740+0x0000000000000094]
j  org.springframework.beans.factory.support.DefaultListableBeanFactory.preInstantiateSingletons()V+468
j  org.springframework.context.support.AbstractApplicationContext.finishBeanFactoryInitialization(Lorg/springframework/beans/factory/config/ConfigurableListableBeanFactory;)V+224
j  org.springframework.context.support.AbstractApplicationContext.refresh()V+113
j  org.springframework.boot.web.servlet.context.ServletWebServerApplicationContext.refresh()V+5
j  org.springframework.boot.SpringApplication.refresh(Lorg/springframework/context/ApplicationContext;)V+20
j  org.springframework.boot.SpringApplication.refreshContext(Lorg/springframework/context/ConfigurableApplicationContext;)V+6
j  org.springframework.boot.SpringApplication.run([Ljava/lang/String;)Lorg/springframework/context/ConfigurableApplicationContext;+193
j  org.springframework.boot.test.context.SpringBootContextLoader.loadContext(Lorg/springframework/test/context/MergedContextConfiguration;)Lorg/springframework/context/ApplicationContext;+463
j  org.springframework.test.context.cache.DefaultCacheAwareContextLoaderDelegate.loadContextInternal(Lorg/springframework/test/context/MergedContextConfiguration;)Lorg/springframework/context/ApplicationContext;+39
j  org.springframework.test.context.cache.DefaultCacheAwareContextLoaderDelegate.loadContext(Lorg/springframework/test/context/MergedContextConfiguration;)Lorg/springframework/context/ApplicationContext;+40
j  org.springframework.test.context.support.DefaultTestContext.getApplicationContext()Lorg/springframework/context/ApplicationContext;+12
j  org.springframework.boot.test.mock.mockito.MockitoTestExecutionListener.postProcessFields(Lorg/springframework/test/context/TestContext;Ljava/util/function/BiConsumer;)V+61
j  org.springframework.boot.test.mock.mockito.MockitoTestExecutionListener.injectFields(Lorg/springframework/test/context/TestContext;)V+11
j  org.springframework.boot.test.mock.mockito.MockitoTestExecutionListener.prepareTestInstance(Lorg/springframework/test/context/TestContext;)V+15
j  org.springframework.test.context.TestContextManager.prepareTestInstance(Ljava/lang/Object;)V+128
j  org.springframework.test.context.junit.jupiter.SpringExtension.postProcessTestInstance(Ljava/lang/Object;Lorg/junit/jupiter/api/extension/ExtensionContext;)V+9
j  org.junit.jupiter.engine.descriptor.ClassBasedTestDescriptor.lambda$invokeTestInstancePostProcessors$5(Lorg/junit/jupiter/api/extension/TestInstancePostProcessor;Ljava/lang/Object;Lorg/junit/jupiter/api/extension/ExtensionContext;)V+7
j  org.junit.jupiter.engine.descriptor.ClassBasedTestDescriptor$$Lambda$279.execute()V+12
j  org.junit.jupiter.engine.descriptor.ClassBasedTestDescriptor.executeAndMaskThrowable(Lorg/junit/jupiter/api/function/Executable;)V+5
j  org.junit.jupiter.engine.descriptor.ClassBasedTestDescriptor.lambda$invokeTestInstancePostProcessors$6(Ljava/lang/Object;Lorg/junit/jupiter/api/extension/ExtensionContext;Lorg/junit/jupiter/api/extension/TestInstancePostProcessor;)V+14
j  org.junit.jupiter.engine.descriptor.ClassBasedTestDescriptor$$Lambda$278.accept(Ljava/lang/Object;)V+16
j  java.util.stream.StreamSpliterators$WrappingSpliterator$$Lambda$150.accept(Ljava/lang/Object;)V+5 java.base@11.0.7
j  java.util.stream.ReferencePipeline$3$1.accept(Ljava/lang/Object;)V+17 java.base@11.0.7
J 1639 c1 java.util.stream.ReferencePipeline$2$1.accept(Ljava/lang/Object;)V java.base@11.0.7 (27 bytes) @ 0x000002605bd70cdc [0x000002605bd70ae0+0x00000000000001fc]
j  java.util.ArrayList$ArrayListSpliterator.forEachRemaining(Ljava/util/function/Consumer;)V+95 java.base@11.0.7
j  java.util.stream.AbstractPipeline.copyInto(Ljava/util/stream/Sink;Ljava/util/Spliterator;)V+32 java.base@11.0.7
J 1844 c1 java.util.stream.AbstractPipeline.wrapAndCopyInto(Ljava/util/stream/Sink;Ljava/util/Spliterator;)Ljava/util/stream/Sink; java.base@11.0.7 (18 bytes) @ 0x000002605bdd493c [0x000002605bdd4860+0x00000000000000dc]
j  java.util.stream.StreamSpliterators$WrappingSpliterator.forEachRemaining(Ljava/util/function/Consumer;)V+42 java.base@11.0.7
j  java.util.stream.Streams$ConcatSpliterator.forEachRemaining(Ljava/util/function/Consumer;)V+22 java.base@11.0.7
j  java.util.stream.Streams$ConcatSpliterator.forEachRemaining(Ljava/util/function/Consumer;)V+12 java.base@11.0.7
j  java.util.stream.ReferencePipeline$Head.forEach(Ljava/util/function/Consumer;)V+12 java.base@11.0.7
j  org.junit.jupiter.engine.descriptor.ClassBasedTestDescriptor.invokeTestInstancePostProcessors(Ljava/lang/Object;Lorg/junit/jupiter/engine/extension/ExtensionRegistry;Lorg/junit/jupiter/api/extension/ExtensionContext;)V+21
j  org.junit.jupiter.engine.descriptor.ClassBasedTestDescriptor.instantiateAndPostProcessTestInstance(Lorg/junit/jupiter/engine/execution/JupiterEngineExecutionContext;Lorg/junit/jupiter/api/extension/ExtensionContext;Lorg/junit/jupiter/engine/extension/ExtensionRegistry;Lorg/junit/jupiter/engine/extension/ExtensionRegistrar;)Lorg/junit/jupiter/api/extension/TestInstances;+32
j  org.junit.jupiter.engine.descriptor.ClassBasedTestDescriptor.lambda$testInstancesProvider$2(Lorg/junit/jupiter/engine/execution/JupiterEngineExecutionContext;Lorg/junit/jupiter/engine/descriptor/ClassExtensionContext;Lorg/junit/jupiter/engine/extension/ExtensionRegistry;Lorg/junit/jupiter/engine/extension/ExtensionRegistrar;)Lorg/junit/jupiter/api/extension/TestInstances;+11
j  org.junit.jupiter.engine.descriptor.ClassBasedTestDescriptor$$Lambda$272.get()Ljava/lang/Object;+20
j  java.util.Optional.orElseGet(Ljava/util/function/Supplier;)Ljava/lang/Object;+15 java.base@11.0.7
j  org.junit.jupiter.engine.descriptor.ClassBasedTestDescriptor.lambda$testInstancesProvider$3(Lorg/junit/jupiter/engine/descriptor/ClassExtensionContext;Lorg/junit/jupiter/engine/execution/JupiterEngineExecutionContext;Lorg/junit/jupiter/engine/extension/ExtensionRegistry;Lorg/junit/jupiter/engine/extension/ExtensionRegistrar;)Lorg/junit/jupiter/api/extension/TestInstances;+20
j  org.junit.jupiter.engine.descriptor.ClassBasedTestDescriptor$$Lambda$253.getTestInstances(Lorg/junit/jupiter/engine/extension/ExtensionRegistry;Lorg/junit/jupiter/engine/extension/ExtensionRegistrar;)Lorg/junit/jupiter/api/extension/TestInstances;+14
j  org.junit.jupiter.engine.execution.TestInstancesProvider.getTestInstances(Lorg/junit/jupiter/engine/extension/MutableExtensionRegistry;)Lorg/junit/jupiter/api/extension/TestInstances;+7
j  org.junit.jupiter.engine.descriptor.TestMethodTestDescriptor.lambda$prepare$0(Lorg/junit/jupiter/engine/execution/JupiterEngineExecutionContext;Lorg/junit/jupiter/engine/extension/MutableExtensionRegistry;Lorg/junit/jupiter/engine/descriptor/MethodExtensionContext;)V+9
j  org.junit.jupiter.engine.descriptor.TestMethodTestDescriptor$$Lambda$271.execute()V+12
j  org.junit.platform.engine.support.hierarchical.ThrowableCollector.execute(Lorg/junit/platform/engine/support/hierarchical/ThrowableCollector$Executable;)V+5
j  org.junit.jupiter.engine.descriptor.TestMethodTestDescriptor.prepare(Lorg/junit/jupiter/engine/execution/JupiterEngineExecutionContext;)Lorg/junit/jupiter/engine/execution/JupiterEngineExecutionContext;+67
j  org.junit.jupiter.engine.descriptor.TestMethodTestDescriptor.prepare(Lorg/junit/platform/engine/support/hierarchical/EngineExecutionContext;)Lorg/junit/platform/engine/support/hierarchical/EngineExecutionContext;+9
j  org.junit.platform.engine.support.hierarchical.NodeTestTask.lambda$prepare$1()V+13
j  org.junit.platform.engine.support.hierarchical.NodeTestTask$$Lambda$208.execute()V+4
j  org.junit.platform.engine.support.hierarchical.ThrowableCollector.execute(Lorg/junit/platform/engine/support/hierarchical/ThrowableCollector$Executable;)V+5
j  org.junit.platform.engine.support.hierarchical.NodeTestTask.prepare()V+14
j  org.junit.platform.engine.support.hierarchical.NodeTestTask.execute()V+25
j  org.junit.platform.engine.support.hierarchical.SameThreadHierarchicalTestExecutorService$$Lambda$226.accept(Ljava/lang/Object;)V+4
j  java.util.ArrayList.forEach(Ljava/util/function/Consumer;)V+46 java.base@11.0.7
j  org.junit.platform.engine.support.hierarchical.SameThreadHierarchicalTestExecutorService.invokeAll(Ljava/util/List;)V+10
j  org.junit.platform.engine.support.hierarchical.NodeTestTask.lambda$executeRecursively$5()V+168
j  org.junit.platform.engine.support.hierarchical.NodeTestTask$$Lambda$222.execute()V+4
j  org.junit.platform.engine.support.hierarchical.ThrowableCollector.execute(Lorg/junit/platform/engine/support/hierarchical/ThrowableCollector$Executable;)V+5
j  org.junit.platform.engine.support.hierarchical.NodeTestTask.lambda$executeRecursively$7(Lorg/junit/platform/engine/support/hierarchical/EngineExecutionContext;)V+24
j  org.junit.platform.engine.support.hierarchical.NodeTestTask$$Lambda$221.invoke(Lorg/junit/platform/engine/support/hierarchical/EngineExecutionContext;)V+5
j  org.junit.platform.engine.support.hierarchical.Node.around(Lorg/junit/platform/engine/support/hierarchical/EngineExecutionContext;Lorg/junit/platform/engine/support/hierarchical/Node$Invocation;)V+6
j  org.junit.platform.engine.support.hierarchical.NodeTestTask.lambda$executeRecursively$8()V+18
j  org.junit.platform.engine.support.hierarchical.NodeTestTask$$Lambda$220.execute()V+4
j  org.junit.platform.engine.support.hierarchical.ThrowableCollector.execute(Lorg/junit/platform/engine/support/hierarchical/ThrowableCollector$Executable;)V+5
j  org.junit.platform.engine.support.hierarchical.NodeTestTask.executeRecursively()V+40
j  org.junit.platform.engine.support.hierarchical.NodeTestTask.execute()V+107
j  org.junit.platform.engine.support.hierarchical.SameThreadHierarchicalTestExecutorService$$Lambda$226.accept(Ljava/lang/Object;)V+4
j  java.util.ArrayList.forEach(Ljava/util/function/Consumer;)V+46 java.base@11.0.7
j  org.junit.platform.engine.support.hierarchical.SameThreadHierarchicalTestExecutorService.invokeAll(Ljava/util/List;)V+10
j  org.junit.platform.engine.support.hierarchical.NodeTestTask.lambda$executeRecursively$5()V+168
j  org.junit.platform.engine.support.hierarchical.NodeTestTask$$Lambda$222.execute()V+4
j  org.junit.platform.engine.support.hierarchical.ThrowableCollector.execute(Lorg/junit/platform/engine/support/hierarchical/ThrowableCollector$Executable;)V+5
j  org.junit.platform.engine.support.hierarchical.NodeTestTask.lambda$executeRecursively$7(Lorg/junit/platform/engine/support/hierarchical/EngineExecutionContext;)V+24
j  org.junit.platform.engine.support.hierarchical.NodeTestTask$$Lambda$221.invoke(Lorg/junit/platform/engine/support/hierarchical/EngineExecutionContext;)V+5
j  org.junit.platform.engine.support.hierarchical.Node.around(Lorg/junit/platform/engine/support/hierarchical/EngineExecutionContext;Lorg/junit/platform/engine/support/hierarchical/Node$Invocation;)V+6
j  org.junit.platform.engine.support.hierarchical.NodeTestTask.lambda$executeRecursively$8()V+18
j  org.junit.platform.engine.support.hierarchical.NodeTestTask$$Lambda$220.execute()V+4
j  org.junit.platform.engine.support.hierarchical.ThrowableCollector.execute(Lorg/junit/platform/engine/support/hierarchical/ThrowableCollector$Executable;)V+5
j  org.junit.platform.engine.support.hierarchical.NodeTestTask.executeRecursively()V+40
j  org.junit.platform.engine.support.hierarchical.NodeTestTask.execute()V+107
j  org.junit.platform.engine.support.hierarchical.SameThreadHierarchicalTestExecutorService.submit(Lorg/junit/platform/engine/support/hierarchical/HierarchicalTestExecutorService$TestTask;)Ljava/util/concurrent/Future;+5
j  org.junit.platform.engine.support.hierarchical.HierarchicalTestExecutor.execute()Ljava/util/concurrent/Future;+105
j  org.junit.platform.engine.support.hierarchical.HierarchicalTestEngine.execute(Lorg/junit/platform/engine/ExecutionRequest;)V+53
j  org.junit.platform.launcher.core.DefaultLauncher.execute(Lorg/junit/platform/engine/TestEngine;Lorg/junit/platform/engine/ExecutionRequest;)V+6
j  org.junit.platform.launcher.core.DefaultLauncher.lambda$execute$6(Lorg/junit/platform/launcher/core/InternalTestPlan;Lorg/junit/platform/launcher/core/Root;Lorg/junit/platform/engine/ConfigurationParameters;Lorg/junit/platform/launcher/TestExecutionListener;)V+111
j  org.junit.platform.launcher.core.DefaultLauncher$$Lambda$193.accept(Ljava/lang/Object;)V+20
j  org.junit.platform.launcher.core.DefaultLauncher.withInterceptedStreams(Lorg/junit/platform/engine/ConfigurationParameters;Lorg/junit/platform/launcher/core/TestExecutionListenerRegistry;Ljava/util/function/Consumer;)V+72
j  org.junit.platform.launcher.core.DefaultLauncher.execute(Lorg/junit/platform/launcher/core/InternalTestPlan;[Lorg/junit/platform/launcher/TestExecutionListener;)V+55
j  org.junit.platform.launcher.core.DefaultLauncher.execute(Lorg/junit/platform/launcher/TestPlan;[Lorg/junit/platform/launcher/TestExecutionListener;)V+60
j  org.eclipse.jdt.internal.junit5.runner.JUnit5TestReference.run(Lorg/eclipse/jdt/internal/junit/runner/TestExecution;)V+34
j  org.eclipse.jdt.internal.junit.runner.TestExecution.run([Lorg/eclipse/jdt/internal/junit/runner/ITestReference;)V+29
j  org.eclipse.jdt.internal.junit.runner.RemoteTestRunner.runTests([Ljava/lang/String;Ljava/lang/String;Lorg/eclipse/jdt/internal/junit/runner/TestExecution;)V+102
j  org.eclipse.jdt.internal.junit.runner.RemoteTestRunner.runTests(Lorg/eclipse/jdt/internal/junit/runner/TestExecution;)V+14
j  org.eclipse.jdt.internal.junit.runner.RemoteTestRunner.run()V+104
j  org.eclipse.jdt.internal.junit.runner.RemoteTestRunner.main([Ljava/lang/String;)V+27
v  ~StubRoutines::call_stub

siginfo: EXCEPTION_ACCESS_VIOLATION (0xc0000005), reading address 0x0000000000000010


Register to memory mapping:

RIP=0x00007ffd66496c84 jvm.dll
RAX=0x0 is NULL
RBX=0x0000026079ed8dc0 points into unknown readable memory: 00 00 00 00 00 00 00 00
RCX=0x0000026079ed8dc0 points into unknown readable memory: 00 00 00 00 00 00 00 00
RDX=0x0000000000000044 is an unknown value
RSP=0x000000ee81bfb568 is pointing into the stack for thread: 0x00000260530ee000
RBP=0x00000260530ee000 is a thread
RSI=0x0000000080563838 is an oop: jdk.internal.loader.ClassLoaders$AppClassLoader 
{0x0000000080563838} - klass: 'jdk/internal/loader/ClassLoaders$AppClassLoader'
RDI=0x0000000080b43328 is an oop: java.security.ProtectionDomain 
{0x0000000080b43328} - klass: 'java/security/ProtectionDomain'
R8 =0x00000260529421f0 points into unknown readable memory: 13 00 ff ff b6 6a 6a 61
R9 =0x0000026075f65370 points into unknown readable memory: 28 33 b4 80 00 00 00 00
R10=0x0000000029e66ab6 is an unknown value
R11=0x0 is NULL
R12=0x0000000000000068 is an unknown value
R13=0x00000260529421f0 points into unknown readable memory: 13 00 ff ff b6 6a 6a 61
R14=0x0000026075f65370 points into unknown readable memory: 28 33 b4 80 00 00 00 00
R15=0x00000260530ee000 is a thread


Registers:
RAX=0x0000000000000000, RBX=0x0000026079ed8dc0, RCX=0x0000026079ed8dc0, RDX=0x0000000000000044
RSP=0x000000ee81bfb568, RBP=0x00000260530ee000, RSI=0x0000000080563838, RDI=0x0000000080b43328
R8 =0x00000260529421f0, R9 =0x0000026075f65370, R10=0x0000000029e66ab6, R11=0x0000000000000000
R12=0x0000000000000068, R13=0x00000260529421f0, R14=0x0000026075f65370, R15=0x00000260530ee000
RIP=0x00007ffd66496c84, EFLAGS=0x0000000000010206

Top of Stack: (sp=0x000000ee81bfb568)
0x000000ee81bfb568:   00007ffd660c6f20 0000026050ab0d60
0x000000ee81bfb578:   00007ffd661778d5 0000000000000014
0x000000ee81bfb588:   00007ffd660c6f20 0000026075f65378
0x000000ee81bfb598:   00007ffd660c6fcc 0000026072a6b8b0
0x000000ee81bfb5a8:   0000000000000000 0000026075f65358
0x000000ee81bfb5b8:   00007ffd660c6fcc 0000026050ab0d60
0x000000ee81bfb5c8:   00007ffd6653b553 0000026050ab0d60
0x000000ee81bfb5d8:   00007ffd663f6106 0000026075f65358
0x000000ee81bfb5e8:   00007ffd6653bbc8 0000026050ab0d60
0x000000ee81bfb5f8:   00007ffd6633fe45 000002607e077793
0x000000ee81bfb608:   0000000100000820 000000ee29e66ab6
0x000000ee81bfb618:   00007ffd663f5be7 000002607211b9f0
0x000000ee81bfb628:   00000260529d8a10 000002602e0122f8
0x000000ee81bfb638:   0000000000000000 0000000000000000
0x000000ee81bfb648:   00000260529d8a00 000000ee81bfb6b0
0x000000ee81bfb658:   0000000000000000 0000000000000000 

Instructions: (pc=0x00007ffd66496c84)
0x00007ffd66496c64:   8b 74 24 48 48 8b c7 48 8b 5c 24 50 48 8b 6c 24
0x00007ffd66496c74:   58 48 83 c4 20 41 5f 41 5e 5f c3 cc 48 8b 41 08
0x00007ffd66496c84:   48 8b 48 10 48 ff 25 71 f2 38 00 cc 48 89 6c 24
0x00007ffd66496c94:   18 48 89 7c 24 20 41 56 48 83 ec 20 44 8b 01 48 


Stack slot to memory mapping:
stack at sp + 0 slots: 0x00007ffd660c6f20 jvm.dll
stack at sp + 1 slots: 0x0000026050ab0d60 points into unknown readable memory: 02 00 00 00 60 02 00 00
stack at sp + 2 slots: 0x00007ffd661778d5 jvm.dll
stack at sp + 3 slots: 0x0000000000000014 is an unknown value
stack at sp + 4 slots: 0x00007ffd660c6f20 jvm.dll
stack at sp + 5 slots: 0x0000026075f65378 points into unknown readable memory: 38 38 56 80 00 00 00 00
stack at sp + 6 slots: 0x00007ffd660c6fcc jvm.dll
stack at sp + 7 slots: 0x0000026072a6b8b0 points into unknown readable memory: b6 6a e6 29 00 00 00 00


---------------  P R O C E S S  ---------------

Threads class SMR info:
_java_thread_list=0x0000026075fa8a50, length=17, elements={
0x00000260530ee000, 0x0000026071e24000, 0x00000260529e9000, 0x00000260529ed800,
0x00000260529ee800, 0x0000026071e74000, 0x0000026071e78000, 0x0000026071e7e000,
0x000002605299d000, 0x000002607217e000, 0x0000026072f89000, 0x000002607316d000,
0x00000260757e6000, 0x0000026074cd3000, 0x00000260720a0000, 0x000002607378c800,
0x0000026072c49000
}

Java Threads: ( => current thread )
=>0x00000260530ee000 JavaThread "main" [_thread_in_vm, id=5180, stack(0x000000ee81b00000,0x000000ee81c00000)]
  0x0000026071e24000 JavaThread "Reference Handler" daemon [_thread_blocked, id=11768, stack(0x000000ee82200000,0x000000ee82300000)]
  0x00000260529e9000 JavaThread "Finalizer" daemon [_thread_blocked, id=5820, stack(0x000000ee82300000,0x000000ee82400000)]
  0x00000260529ed800 JavaThread "Signal Dispatcher" daemon [_thread_blocked, id=10300, stack(0x000000ee82400000,0x000000ee82500000)]
  0x00000260529ee800 JavaThread "Attach Listener" daemon [_thread_blocked, id=16040, stack(0x000000ee82500000,0x000000ee82600000)]
  0x0000026071e74000 JavaThread "C2 CompilerThread0" daemon [_thread_blocked, id=3828, stack(0x000000ee82600000,0x000000ee82700000)]
  0x0000026071e78000 JavaThread "C1 CompilerThread0" daemon [_thread_blocked, id=3312, stack(0x000000ee82700000,0x000000ee82800000)]
  0x0000026071e7e000 JavaThread "Sweeper thread" daemon [_thread_blocked, id=14876, stack(0x000000ee82800000,0x000000ee82900000)]
  0x000002605299d000 JavaThread "Common-Cleaner" daemon [_thread_blocked, id=9108, stack(0x000000ee82900000,0x000000ee82a00000)]
  0x000002607217e000 JavaThread "org.jacoco.agent.rt.internal_43f5073.output.TcpClientOutput" daemon [_thread_in_native, id=13656, stack(0x000000ee82c00000,0x000000ee82d00000)]
  0x0000026072f89000 JavaThread "Service Thread" daemon [_thread_blocked, id=11500, stack(0x000000ee82d00000,0x000000ee82e00000)]
  0x000002607316d000 JavaThread "ReaderThread" [_thread_in_native, id=9136, stack(0x000000ee82f00000,0x000000ee83000000)]
  0x00000260757e6000 JavaThread "Catalina-utility-1" [_thread_blocked, id=352, stack(0x000000ee83900000,0x000000ee83a00000)]
  0x0000026074cd3000 JavaThread "Catalina-utility-2" [_thread_blocked, id=6888, stack(0x000000ee83a00000,0x000000ee83b00000)]
  0x00000260720a0000 JavaThread "container-0" [_thread_blocked, id=5152, stack(0x000000ee83b00000,0x000000ee83c00000)]
  0x000002607378c800 JavaThread "mysql-cj-abandoned-connection-cleanup" daemon [_thread_blocked, id=1232, stack(0x000000ee83c00000,0x000000ee83d00000)]
  0x0000026072c49000 JavaThread "HikariPool-1 housekeeper" daemon [_thread_blocked, id=2784, stack(0x000000ee83d00000,0x000000ee83e00000)]

Other Threads:
  0x00000260529de000 VMThread "VM Thread" [stack: 0x000000ee82100000,0x000000ee82200000] [id=3660]
  0x0000026072f8a000 WatcherThread [stack: 0x000000ee82e00000,0x000000ee82f00000] [id=11020]
  0x0000026052805800 GCTaskThread "GC Thread#0" [stack: 0x000000ee81c00000,0x000000ee81d00000] [id=12028]
  0x0000026072325800 GCTaskThread "GC Thread#1" [stack: 0x000000ee82a00000,0x000000ee82b00000] [id=11560]
  0x00000260723ac800 GCTaskThread "GC Thread#2" [stack: 0x000000ee82b00000,0x000000ee82c00000] [id=15820]
  0x0000026072f37000 GCTaskThread "GC Thread#3" [stack: 0x000000ee83000000,0x000000ee83100000] [id=3100]
  0x0000026052830000 ConcurrentGCThread "G1 Main Marker" [stack: 0x000000ee81d00000,0x000000ee81e00000] [id=2608]
  0x0000026052831800 ConcurrentGCThread "G1 Conc#0" [stack: 0x000000ee81e00000,0x000000ee81f00000] [id=11928]
  0x00000260528c7800 ConcurrentGCThread "G1 Refine#0" [stack: 0x000000ee81f00000,0x000000ee82000000] [id=10984]
  0x00000260528c8800 ConcurrentGCThread "G1 Young RemSet Sampling" [stack: 0x000000ee82000000,0x000000ee82100000] [id=15900]

Threads with active compile tasks:
C2 CompilerThread08217   !   4       java.lang.reflect.Field::declaredAnnotations (82 bytes)

VM state:synchronizing (normal execution)

VM Mutex/Monitor currently owned by a thread:  ([mutex/lock_event])
[0x00000260530ec8c0] Threads_lock - owner thread: 0x00000260529de000

Heap address: 0x0000000080000000, size: 2048 MB, Compressed Oops mode: 32-bit
Narrow klass base: 0x0000000000000000, Narrow klass shift: 3
Compressed class space size: 1073741824 Address: 0x0000000100000000

Heap:
 garbage-first heap   total 157696K, used 76773K [0x0000000080000000, 0x0000000100000000)
  region size 1024K, 43 young (44032K), 9 survivors (9216K)
 Metaspace       used 86960K, capacity 88880K, committed 88912K, reserved 1128448K
  class space    used 9953K, capacity 10733K, committed 10752K, reserved 1048576K
Heap Regions: E=young(eden), S=young(survivor), O=old, HS=humongous(starts), HC=humongous(continues), CS=collection set, F=free, A=archive, TAMS=top-at-mark-start (previous, next)
|   0|0x0000000080000000, 0x0000000080100000, 0x0000000080100000|100%|HS|  |TAMS 0x0000000080100000, 0x0000000080000000| Complete 
|   1|0x0000000080100000, 0x0000000080200000, 0x0000000080200000|100%| O|  |TAMS 0x0000000080200000, 0x0000000080100000| Untracked 
|   2|0x0000000080200000, 0x0000000080300000, 0x0000000080300000|100%| O|  |TAMS 0x0000000080300000, 0x0000000080200000| Untracked 
|   3|0x0000000080300000, 0x0000000080400000, 0x0000000080400000|100%| O|  |TAMS 0x0000000080400000, 0x0000000080300000| Untracked 
|   4|0x0000000080400000, 0x0000000080500000, 0x0000000080500000|100%| O|  |TAMS 0x0000000080500000, 0x0000000080400000| Untracked 
|   5|0x0000000080500000, 0x0000000080600000, 0x0000000080600000|100%| O|  |TAMS 0x0000000080600000, 0x0000000080500000| Untracked 
|   6|0x0000000080600000, 0x0000000080700000, 0x0000000080700000|100%| O|  |TAMS 0x0000000080700000, 0x0000000080600000| Untracked 
|   7|0x0000000080700000, 0x0000000080800000, 0x0000000080800000|100%| O|  |TAMS 0x0000000080800000, 0x0000000080700000| Untracked 
|   8|0x0000000080800000, 0x0000000080900000, 0x0000000080900000|100%| O|  |TAMS 0x0000000080900000, 0x0000000080800000| Untracked 
|   9|0x0000000080900000, 0x0000000080a00000, 0x0000000080a00000|100%| O|  |TAMS 0x0000000080a00000, 0x0000000080900000| Untracked 
|  10|0x0000000080a00000, 0x0000000080b00000, 0x0000000080b00000|100%| O|  |TAMS 0x0000000080b00000, 0x0000000080a00000| Untracked 
|  11|0x0000000080b00000, 0x0000000080c00000, 0x0000000080c00000|100%| O|  |TAMS 0x0000000080c00000, 0x0000000080b00000| Untracked 
|  12|0x0000000080c00000, 0x0000000080d00000, 0x0000000080d00000|100%| O|  |TAMS 0x0000000080d00000, 0x0000000080c00000| Untracked 
|  13|0x0000000080d00000, 0x0000000080e00000, 0x0000000080e00000|100%| O|  |TAMS 0x0000000080e00000, 0x0000000080d00000| Untracked 
|  14|0x0000000080e00000, 0x0000000080f00000, 0x0000000080f00000|100%| O|  |TAMS 0x0000000080f00000, 0x0000000080e00000| Untracked 
|  15|0x0000000080f00000, 0x0000000081000000, 0x0000000081000000|100%| O|  |TAMS 0x0000000081000000, 0x0000000080f00000| Untracked 
|  16|0x0000000081000000, 0x0000000081100000, 0x0000000081100000|100%| O|  |TAMS 0x0000000081100000, 0x0000000081000000| Untracked 
|  17|0x0000000081100000, 0x0000000081200000, 0x0000000081200000|100%| O|  |TAMS 0x0000000081200000, 0x0000000081100000| Untracked 
|  18|0x0000000081200000, 0x0000000081300000, 0x0000000081300000|100%| O|  |TAMS 0x0000000081300000, 0x0000000081200000| Untracked 
|  19|0x0000000081300000, 0x0000000081400000, 0x0000000081400000|100%| O|  |TAMS 0x0000000081400000, 0x0000000081300000| Untracked 
|  20|0x0000000081400000, 0x0000000081500000, 0x0000000081500000|100%| O|  |TAMS 0x0000000081500000, 0x0000000081400000| Untracked 
|  21|0x0000000081500000, 0x0000000081600000, 0x0000000081600000|100%| O|  |TAMS 0x0000000081600000, 0x0000000081500000| Untracked 
|  22|0x0000000081600000, 0x0000000081700000, 0x0000000081700000|100%| O|  |TAMS 0x0000000081600000, 0x0000000081600000| Untracked 
|  23|0x0000000081700000, 0x0000000081800000, 0x0000000081800000|100%| O|  |TAMS 0x0000000081800000, 0x0000000081700000| Untracked 
|  24|0x0000000081800000, 0x0000000081900000, 0x0000000081900000|100%| O|  |TAMS 0x0000000081900000, 0x0000000081800000| Untracked 
|  25|0x0000000081900000, 0x0000000081a00000, 0x0000000081a00000|100%| O|  |TAMS 0x0000000081984a00, 0x0000000081900000| Untracked 
|  26|0x0000000081a00000, 0x0000000081b00000, 0x0000000081b00000|100%| O|  |TAMS 0x0000000081a00000, 0x0000000081a00000| Untracked 
|  27|0x0000000081b00000, 0x0000000081c00000, 0x0000000081c00000|100%| O|  |TAMS 0x0000000081b00000, 0x0000000081b00000| Untracked 
|  28|0x0000000081c00000, 0x0000000081d00000, 0x0000000081d00000|100%| O|  |TAMS 0x0000000081c00000, 0x0000000081c00000| Untracked 
|  29|0x0000000081d00000, 0x0000000081e00000, 0x0000000081e00000|100%| O|  |TAMS 0x0000000081d00000, 0x0000000081d00000| Untracked 
|  30|0x0000000081e00000, 0x0000000081f00000, 0x0000000081f00000|100%| O|  |TAMS 0x0000000081e00000, 0x0000000081e00000| Untracked 
|  31|0x0000000081f00000, 0x0000000082000000, 0x0000000082000000|100%| O|  |TAMS 0x0000000081f00000, 0x0000000081f00000| Untracked 
|  32|0x0000000082000000, 0x0000000082100000, 0x0000000082100000|100%| O|  |TAMS 0x0000000082000000, 0x0000000082000000| Untracked 
|  33|0x0000000082100000, 0x0000000082193800, 0x0000000082200000| 57%| O|  |TAMS 0x0000000082100000, 0x0000000082100000| Untracked 
|  34|0x0000000082200000, 0x0000000082200000, 0x0000000082300000|  0%| F|  |TAMS 0x0000000082200000, 0x0000000082200000| Untracked 
|  35|0x0000000082300000, 0x0000000082300000, 0x0000000082400000|  0%| F|  |TAMS 0x0000000082300000, 0x0000000082300000| Untracked 
|  36|0x0000000082400000, 0x0000000082400000, 0x0000000082500000|  0%| F|  |TAMS 0x0000000082400000, 0x0000000082400000| Untracked 
|  37|0x0000000082500000, 0x0000000082500000, 0x0000000082600000|  0%| F|  |TAMS 0x0000000082500000, 0x0000000082500000| Untracked 
|  38|0x0000000082600000, 0x0000000082600000, 0x0000000082700000|  0%| F|  |TAMS 0x0000000082600000, 0x0000000082600000| Untracked 
|  39|0x0000000082700000, 0x0000000082700000, 0x0000000082800000|  0%| F|  |TAMS 0x0000000082700000, 0x0000000082700000| Untracked 
|  40|0x0000000082800000, 0x0000000082800000, 0x0000000082900000|  0%| F|  |TAMS 0x0000000082800000, 0x0000000082800000| Untracked 
|  41|0x0000000082900000, 0x0000000082900000, 0x0000000082a00000|  0%| F|  |TAMS 0x0000000082900000, 0x0000000082900000| Untracked 
|  42|0x0000000082a00000, 0x0000000082a00000, 0x0000000082b00000|  0%| F|  |TAMS 0x0000000082a00000, 0x0000000082a00000| Untracked 
|  43|0x0000000082b00000, 0x0000000082b00000, 0x0000000082c00000|  0%| F|  |TAMS 0x0000000082b00000, 0x0000000082b00000| Untracked 
|  44|0x0000000082c00000, 0x0000000082c00000, 0x0000000082d00000|  0%| F|  |TAMS 0x0000000082c00000, 0x0000000082c00000| Untracked 
|  45|0x0000000082d00000, 0x0000000082d00000, 0x0000000082e00000|  0%| F|  |TAMS 0x0000000082d00000, 0x0000000082d00000| Untracked 
|  46|0x0000000082e00000, 0x0000000082e00000, 0x0000000082f00000|  0%| F|  |TAMS 0x0000000082e00000, 0x0000000082e00000| Untracked 
|  47|0x0000000082f00000, 0x0000000082f00000, 0x0000000083000000|  0%| F|  |TAMS 0x0000000082f00000, 0x0000000082f00000| Untracked 
|  48|0x0000000083000000, 0x0000000083000000, 0x0000000083100000|  0%| F|  |TAMS 0x0000000083000000, 0x0000000083000000| Untracked 
|  49|0x0000000083100000, 0x0000000083100000, 0x0000000083200000|  0%| F|  |TAMS 0x0000000083100000, 0x0000000083100000| Untracked 
|  50|0x0000000083200000, 0x0000000083200000, 0x0000000083300000|  0%| F|  |TAMS 0x0000000083200000, 0x0000000083200000| Untracked 
|  51|0x0000000083300000, 0x0000000083300000, 0x0000000083400000|  0%| F|  |TAMS 0x0000000083300000, 0x0000000083300000| Untracked 
|  52|0x0000000083400000, 0x0000000083400000, 0x0000000083500000|  0%| F|  |TAMS 0x0000000083400000, 0x0000000083400000| Untracked 
|  53|0x0000000083500000, 0x0000000083565de0, 0x0000000083600000| 39%| S|CS|TAMS 0x0000000083500000, 0x0000000083500000| Complete 
|  54|0x0000000083600000, 0x0000000083700000, 0x0000000083700000|100%| S|CS|TAMS 0x0000000083600000, 0x0000000083600000| Complete 
|  55|0x0000000083700000, 0x0000000083800000, 0x0000000083800000|100%| S|CS|TAMS 0x0000000083700000, 0x0000000083700000| Complete 
|  56|0x0000000083800000, 0x0000000083800000, 0x0000000083900000|  0%| F|  |TAMS 0x0000000083800000, 0x0000000083800000| Untracked 
|  57|0x0000000083900000, 0x0000000083900000, 0x0000000083a00000|  0%| F|  |TAMS 0x0000000083900000, 0x0000000083900000| Untracked 
|  58|0x0000000083a00000, 0x0000000083a00000, 0x0000000083b00000|  0%| F|  |TAMS 0x0000000083a00000, 0x0000000083a00000| Untracked 
|  59|0x0000000083b00000, 0x0000000083b00000, 0x0000000083c00000|  0%| F|  |TAMS 0x0000000083b00000, 0x0000000083b00000| Untracked 
|  60|0x0000000083c00000, 0x0000000083c00000, 0x0000000083d00000|  0%| F|  |TAMS 0x0000000083c00000, 0x0000000083c00000| Untracked 
|  61|0x0000000083d00000, 0x0000000083e00000, 0x0000000083e00000|100%| S|CS|TAMS 0x0000000083d00000, 0x0000000083d00000| Complete 
|  62|0x0000000083e00000, 0x0000000083f00000, 0x0000000083f00000|100%| S|CS|TAMS 0x0000000083e00000, 0x0000000083e00000| Complete 
|  63|0x0000000083f00000, 0x0000000084000000, 0x0000000084000000|100%| S|CS|TAMS 0x0000000083f00000, 0x0000000083f00000| Complete 
|  64|0x0000000084000000, 0x0000000084100000, 0x0000000084100000|100%| S|CS|TAMS 0x0000000084000000, 0x0000000084000000| Complete 
|  65|0x0000000084100000, 0x0000000084200000, 0x0000000084200000|100%| S|CS|TAMS 0x0000000084100000, 0x0000000084100000| Complete 
|  66|0x0000000084200000, 0x0000000084300000, 0x0000000084300000|100%| S|CS|TAMS 0x0000000084200000, 0x0000000084200000| Complete 
|  67|0x0000000084300000, 0x0000000084300000, 0x0000000084400000|  0%| F|  |TAMS 0x0000000084300000, 0x0000000084300000| Untracked 
|  68|0x0000000084400000, 0x0000000084400000, 0x0000000084500000|  0%| F|  |TAMS 0x0000000084400000, 0x0000000084400000| Untracked 
|  69|0x0000000084500000, 0x0000000084500000, 0x0000000084600000|  0%| F|  |TAMS 0x0000000084500000, 0x0000000084500000| Untracked 
|  70|0x0000000084600000, 0x0000000084600000, 0x0000000084700000|  0%| F|  |TAMS 0x0000000084600000, 0x0000000084600000| Untracked 
|  71|0x0000000084700000, 0x0000000084700000, 0x0000000084800000|  0%| F|  |TAMS 0x0000000084700000, 0x0000000084700000| Untracked 
|  72|0x0000000084800000, 0x0000000084800000, 0x0000000084900000|  0%| F|  |TAMS 0x0000000084800000, 0x0000000084800000| Untracked 
|  73|0x0000000084900000, 0x0000000084900000, 0x0000000084a00000|  0%| F|  |TAMS 0x0000000084900000, 0x0000000084900000| Untracked 
|  74|0x0000000084a00000, 0x0000000084a00000, 0x0000000084b00000|  0%| F|  |TAMS 0x0000000084a00000, 0x0000000084a00000| Untracked 
|  75|0x0000000084b00000, 0x0000000084b00000, 0x0000000084c00000|  0%| F|  |TAMS 0x0000000084b00000, 0x0000000084b00000| Untracked 
|  76|0x0000000084c00000, 0x0000000084c00000, 0x0000000084d00000|  0%| F|  |TAMS 0x0000000084c00000, 0x0000000084c00000| Untracked 
|  77|0x0000000084d00000, 0x0000000084d00000, 0x0000000084e00000|  0%| F|  |TAMS 0x0000000084d00000, 0x0000000084d00000| Untracked 
|  78|0x0000000084e00000, 0x0000000084e00000, 0x0000000084f00000|  0%| F|  |TAMS 0x0000000084e00000, 0x0000000084e00000| Untracked 
|  79|0x0000000084f00000, 0x0000000084f00000, 0x0000000085000000|  0%| F|  |TAMS 0x0000000084f00000, 0x0000000084f00000| Untracked 
|  80|0x0000000085000000, 0x0000000085000000, 0x0000000085100000|  0%| F|  |TAMS 0x0000000085000000, 0x0000000085000000| Untracked 
|  81|0x0000000085100000, 0x0000000085100000, 0x0000000085200000|  0%| F|  |TAMS 0x0000000085100000, 0x0000000085100000| Untracked 
|  82|0x0000000085200000, 0x0000000085200000, 0x0000000085300000|  0%| F|  |TAMS 0x0000000085200000, 0x0000000085200000| Untracked 
|  83|0x0000000085300000, 0x0000000085300000, 0x0000000085400000|  0%| F|  |TAMS 0x0000000085300000, 0x0000000085300000| Untracked 
|  84|0x0000000085400000, 0x0000000085400000, 0x0000000085500000|  0%| F|  |TAMS 0x0000000085400000, 0x0000000085400000| Untracked 
|  85|0x0000000085500000, 0x0000000085500000, 0x0000000085600000|  0%| F|  |TAMS 0x0000000085500000, 0x0000000085500000| Untracked 
|  86|0x0000000085600000, 0x0000000085600000, 0x0000000085700000|  0%| F|  |TAMS 0x0000000085600000, 0x0000000085600000| Untracked 
|  87|0x0000000085700000, 0x0000000085700000, 0x0000000085800000|  0%| F|  |TAMS 0x0000000085700000, 0x0000000085700000| Untracked 
|  88|0x0000000085800000, 0x0000000085800000, 0x0000000085900000|  0%| F|  |TAMS 0x0000000085800000, 0x0000000085800000| Untracked 
|  89|0x0000000085900000, 0x0000000085900000, 0x0000000085a00000|  0%| F|  |TAMS 0x0000000085900000, 0x0000000085900000| Untracked 
|  90|0x0000000085a00000, 0x0000000085a00000, 0x0000000085b00000|  0%| F|  |TAMS 0x0000000085a00000, 0x0000000085a00000| Untracked 
|  91|0x0000000085b00000, 0x0000000085b00000, 0x0000000085c00000|  0%| F|  |TAMS 0x0000000085b00000, 0x0000000085b00000| Untracked 
|  92|0x0000000085c00000, 0x0000000085c00000, 0x0000000085d00000|  0%| F|  |TAMS 0x0000000085c00000, 0x0000000085c00000| Untracked 
|  93|0x0000000085d00000, 0x0000000085d00000, 0x0000000085e00000|  0%| F|  |TAMS 0x0000000085d00000, 0x0000000085d00000| Untracked 
|  94|0x0000000085e00000, 0x0000000085e00000, 0x0000000085f00000|  0%| F|  |TAMS 0x0000000085e00000, 0x0000000085e00000| Untracked 
|  95|0x0000000085f00000, 0x0000000085f00000, 0x0000000086000000|  0%| F|  |TAMS 0x0000000085f00000, 0x0000000085f00000| Untracked 
|  96|0x0000000086000000, 0x0000000086000000, 0x0000000086100000|  0%| F|  |TAMS 0x0000000086000000, 0x0000000086000000| Untracked 
|  97|0x0000000086100000, 0x0000000086100000, 0x0000000086200000|  0%| F|  |TAMS 0x0000000086100000, 0x0000000086100000| Untracked 
|  98|0x0000000086200000, 0x0000000086200000, 0x0000000086300000|  0%| F|  |TAMS 0x0000000086200000, 0x0000000086200000| Untracked 
|  99|0x0000000086300000, 0x0000000086300000, 0x0000000086400000|  0%| F|  |TAMS 0x0000000086300000, 0x0000000086300000| Untracked 
| 100|0x0000000086400000, 0x0000000086400000, 0x0000000086500000|  0%| F|  |TAMS 0x0000000086400000, 0x0000000086400000| Untracked 
| 101|0x0000000086500000, 0x0000000086500000, 0x0000000086600000|  0%| F|  |TAMS 0x0000000086500000, 0x0000000086500000| Untracked 
| 102|0x0000000086600000, 0x0000000086600000, 0x0000000086700000|  0%| F|  |TAMS 0x0000000086600000, 0x0000000086600000| Untracked 
| 103|0x0000000086700000, 0x0000000086700000, 0x0000000086800000|  0%| F|  |TAMS 0x0000000086700000, 0x0000000086700000| Untracked 
| 104|0x0000000086800000, 0x0000000086800000, 0x0000000086900000|  0%| F|  |TAMS 0x0000000086800000, 0x0000000086800000| Untracked 
| 105|0x0000000086900000, 0x0000000086900000, 0x0000000086a00000|  0%| F|  |TAMS 0x0000000086900000, 0x0000000086900000| Untracked 
| 106|0x0000000086a00000, 0x0000000086a00000, 0x0000000086b00000|  0%| F|  |TAMS 0x0000000086a00000, 0x0000000086a00000| Untracked 
| 107|0x0000000086b00000, 0x0000000086b00000, 0x0000000086c00000|  0%| F|  |TAMS 0x0000000086b00000, 0x0000000086b00000| Untracked 
| 108|0x0000000086c00000, 0x0000000086c00000, 0x0000000086d00000|  0%| F|  |TAMS 0x0000000086c00000, 0x0000000086c00000| Untracked 
| 109|0x0000000086d00000, 0x0000000086d00000, 0x0000000086e00000|  0%| F|  |TAMS 0x0000000086d00000, 0x0000000086d00000| Untracked 
| 110|0x0000000086e00000, 0x0000000086e00000, 0x0000000086f00000|  0%| F|  |TAMS 0x0000000086e00000, 0x0000000086e00000| Untracked 
| 111|0x0000000086f00000, 0x0000000086f00000, 0x0000000087000000|  0%| F|  |TAMS 0x0000000086f00000, 0x0000000086f00000| Untracked 
| 112|0x0000000087000000, 0x0000000087000000, 0x0000000087100000|  0%| F|  |TAMS 0x0000000087000000, 0x0000000087000000| Untracked 
| 113|0x0000000087100000, 0x0000000087100000, 0x0000000087200000|  0%| F|  |TAMS 0x0000000087100000, 0x0000000087100000| Untracked 
| 114|0x0000000087200000, 0x0000000087200000, 0x0000000087300000|  0%| F|  |TAMS 0x0000000087200000, 0x0000000087200000| Untracked 
| 115|0x0000000087300000, 0x0000000087300000, 0x0000000087400000|  0%| F|  |TAMS 0x0000000087300000, 0x0000000087300000| Untracked 
| 116|0x0000000087400000, 0x0000000087400000, 0x0000000087500000|  0%| F|  |TAMS 0x0000000087400000, 0x0000000087400000| Untracked 
| 117|0x0000000087500000, 0x0000000087500000, 0x0000000087600000|  0%| F|  |TAMS 0x0000000087500000, 0x0000000087500000| Untracked 
| 118|0x0000000087600000, 0x0000000087600000, 0x0000000087700000|  0%| F|  |TAMS 0x0000000087600000, 0x0000000087600000| Untracked 
| 119|0x0000000087700000, 0x0000000087700000, 0x0000000087800000|  0%| F|  |TAMS 0x0000000087700000, 0x0000000087700000| Untracked 
| 120|0x0000000087800000, 0x0000000087888bc0, 0x0000000087900000| 53%| E|  |TAMS 0x0000000087800000, 0x0000000087800000| Complete 
| 121|0x0000000087900000, 0x0000000087a00000, 0x0000000087a00000|100%| E|CS|TAMS 0x0000000087900000, 0x0000000087900000| Complete 
| 122|0x0000000087a00000, 0x0000000087b00000, 0x0000000087b00000|100%| E|CS|TAMS 0x0000000087a00000, 0x0000000087a00000| Complete 
| 123|0x0000000087b00000, 0x0000000087c00000, 0x0000000087c00000|100%| E|CS|TAMS 0x0000000087b00000, 0x0000000087b00000| Complete 
| 124|0x0000000087c00000, 0x0000000087d00000, 0x0000000087d00000|100%| E|CS|TAMS 0x0000000087c00000, 0x0000000087c00000| Complete 
| 125|0x0000000087d00000, 0x0000000087e00000, 0x0000000087e00000|100%| E|CS|TAMS 0x0000000087d00000, 0x0000000087d00000| Complete 
| 126|0x0000000087e00000, 0x0000000087f00000, 0x0000000087f00000|100%| E|CS|TAMS 0x0000000087e00000, 0x0000000087e00000| Complete 
| 127|0x0000000087f00000, 0x0000000088000000, 0x0000000088000000|100%| E|CS|TAMS 0x0000000087f00000, 0x0000000087f00000| Complete 
| 128|0x0000000088000000, 0x0000000088100000, 0x0000000088100000|100%| E|CS|TAMS 0x0000000088000000, 0x0000000088000000| Complete 
| 129|0x0000000088100000, 0x0000000088200000, 0x0000000088200000|100%| E|CS|TAMS 0x0000000088100000, 0x0000000088100000| Complete 
| 130|0x0000000088200000, 0x0000000088300000, 0x0000000088300000|100%| E|CS|TAMS 0x0000000088200000, 0x0000000088200000| Complete 
| 131|0x0000000088300000, 0x0000000088400000, 0x0000000088400000|100%| E|CS|TAMS 0x0000000088300000, 0x0000000088300000| Complete 
| 132|0x0000000088400000, 0x0000000088500000, 0x0000000088500000|100%| E|CS|TAMS 0x0000000088400000, 0x0000000088400000| Complete 
| 133|0x0000000088500000, 0x0000000088600000, 0x0000000088600000|100%| E|CS|TAMS 0x0000000088500000, 0x0000000088500000| Complete 
| 134|0x0000000088600000, 0x0000000088700000, 0x0000000088700000|100%| E|CS|TAMS 0x0000000088600000, 0x0000000088600000| Complete 
| 135|0x0000000088700000, 0x0000000088800000, 0x0000000088800000|100%| E|CS|TAMS 0x0000000088700000, 0x0000000088700000| Complete 
| 136|0x0000000088800000, 0x0000000088900000, 0x0000000088900000|100%| E|CS|TAMS 0x0000000088800000, 0x0000000088800000| Complete 
| 137|0x0000000088900000, 0x0000000088a00000, 0x0000000088a00000|100%| E|CS|TAMS 0x0000000088900000, 0x0000000088900000| Complete 
| 138|0x0000000088a00000, 0x0000000088b00000, 0x0000000088b00000|100%| E|CS|TAMS 0x0000000088a00000, 0x0000000088a00000| Complete 
| 139|0x0000000088b00000, 0x0000000088c00000, 0x0000000088c00000|100%| E|CS|TAMS 0x0000000088b00000, 0x0000000088b00000| Complete 
| 140|0x0000000088c00000, 0x0000000088d00000, 0x0000000088d00000|100%| E|CS|TAMS 0x0000000088c00000, 0x0000000088c00000| Complete 
| 141|0x0000000088d00000, 0x0000000088e00000, 0x0000000088e00000|100%| E|CS|TAMS 0x0000000088d00000, 0x0000000088d00000| Complete 
| 142|0x0000000088e00000, 0x0000000088f00000, 0x0000000088f00000|100%| E|CS|TAMS 0x0000000088e00000, 0x0000000088e00000| Complete 
| 143|0x0000000088f00000, 0x0000000089000000, 0x0000000089000000|100%| E|CS|TAMS 0x0000000088f00000, 0x0000000088f00000| Complete 
| 144|0x0000000089000000, 0x0000000089100000, 0x0000000089100000|100%| E|CS|TAMS 0x0000000089000000, 0x0000000089000000| Complete 
| 145|0x0000000089100000, 0x0000000089200000, 0x0000000089200000|100%| E|CS|TAMS 0x0000000089100000, 0x0000000089100000| Complete 
| 146|0x0000000089200000, 0x0000000089300000, 0x0000000089300000|100%| E|CS|TAMS 0x0000000089200000, 0x0000000089200000| Complete 
| 147|0x0000000089300000, 0x0000000089400000, 0x0000000089400000|100%| E|CS|TAMS 0x0000000089300000, 0x0000000089300000| Complete 
| 148|0x0000000089400000, 0x0000000089500000, 0x0000000089500000|100%| E|CS|TAMS 0x0000000089400000, 0x0000000089400000| Complete 
| 149|0x0000000089500000, 0x0000000089600000, 0x0000000089600000|100%| E|CS|TAMS 0x0000000089500000, 0x0000000089500000| Complete 
| 150|0x0000000089600000, 0x0000000089700000, 0x0000000089700000|100%| E|CS|TAMS 0x0000000089600000, 0x0000000089600000| Complete 
| 151|0x0000000089700000, 0x0000000089800000, 0x0000000089800000|100%| E|CS|TAMS 0x0000000089700000, 0x0000000089700000| Complete 
| 152|0x0000000089800000, 0x0000000089900000, 0x0000000089900000|100%| E|CS|TAMS 0x0000000089800000, 0x0000000089800000| Complete 
| 153|0x0000000089900000, 0x0000000089a00000, 0x0000000089a00000|100%| E|CS|TAMS 0x0000000089900000, 0x0000000089900000| Complete 

Card table byte_map: [0x000002606a930000,0x000002606ad30000] _byte_map_base: 0x000002606a530000

Marking Bits (Prev, Next): (CMBitMap*) 0x0000026050b5e8a0, (CMBitMap*) 0x0000026050b5e868
 Prev Bits: [0x000002606d130000, 0x000002606f130000)
 Next Bits: [0x000002606b130000, 0x000002606d130000)

Polling page: 0x0000026050c90000

Metaspace:

Usage:
  Non-class:     76.32 MB capacity,    75.20 MB ( 99%) used,   880.74 KB (  1%) free+waste,   259.69 KB ( <1%) overhead. 
      Class:     10.48 MB capacity,     9.72 MB ( 93%) used,   661.99 KB (  6%) free+waste,   117.19 KB (  1%) overhead. 
       Both:     86.80 MB capacity,    84.92 MB ( 98%) used,     1.51 MB (  2%) free+waste,   376.88 KB ( <1%) overhead. 

Virtual space:
  Non-class space:       78.00 MB reserved,      76.33 MB ( 98%) committed 
      Class space:        1.00 GB reserved,      10.50 MB (  1%) committed 
             Both:        1.08 GB reserved,      86.83 MB (  8%) committed 

Chunk freelists:
   Non-Class:  1.63 KB
       Class:  2.38 KB
        Both:  4.00 KB

CodeHeap 'non-profiled nmethods': size=120064Kb used=6034Kb max_used=6034Kb free=114029Kb
 bounds [0x0000026062ee0000, 0x00000260634d0000, 0x000002606a420000]
CodeHeap 'profiled nmethods': size=120000Kb used=18269Kb max_used=18269Kb free=101730Kb
 bounds [0x000002605b9b0000, 0x000002605cba0000, 0x0000026062ee0000]
CodeHeap 'non-nmethods': size=5696Kb used=1244Kb max_used=1290Kb free=4451Kb
 bounds [0x000002605b420000, 0x000002605b690000, 0x000002605b9b0000]
 total_blobs=10987 nmethods=7190 adapters=534
 compilation: enabled
              stopped_count=0, restarted_count=0
 full_count=0

Compilation events (10 events):
Event: 155.952 Thread 0x0000026071e74000 nmethod 8145 0x00000260634c4890 code [0x00000260634c4a20, 0x00000260634c4a98]
Event: 155.972 Thread 0x0000026071e74000 8217   !   4       java.lang.reflect.Field::declaredAnnotations (82 bytes)
Event: 155.972 Thread 0x0000026071e78000 8218       3       org.springframework.core.annotation.TypeMappedAnnotations::get (93 bytes)
Event: 155.972 Thread 0x0000026071e78000 nmethod 8218 0x000002605cb8c990 code [0x000002605cb8cc00, 0x000002605cb8d560]
Event: 155.974 Thread 0x0000026071e78000 8219  s    3       java.beans.MethodDescriptor::setMethod (41 bytes)
Event: 155.977 Thread 0x0000026071e78000 nmethod 8219 0x000002605cb8da10 code [0x000002605cb8dd80, 0x000002605cb8f600]
Event: 155.977 Thread 0x0000026071e78000 8222  s    3       java.beans.MethodDescriptor::setParams (74 bytes)
Event: 155.978 Thread 0x0000026071e78000 nmethod 8222 0x000002605cb8fd10 code [0x000002605cb8ff60, 0x000002605cb90c30]
Event: 155.978 Thread 0x0000026071e78000 8220       3       sun.reflect.generics.parser.SignatureParser::parseClassTypeSignature (118 bytes)
Event: 156.011 Thread 0x0000026071e78000 nmethod 8220 0x000002605cb90f90 code [0x000002605cb913a0, 0x000002605cb92da0]

GC Heap History (10 events):
Event: 144.978 GC heap before
{Heap before GC invocations=28 (full 0):
 garbage-first heap   total 157696K, used 119314K [0x0000000080000000, 0x0000000100000000)
  region size 1024K, 92 young (94208K), 7 survivors (7168K)
 Metaspace       used 75244K, capacity 76836K, committed 77008K, reserved 1118208K
  class space    used 8602K, capacity 9243K, committed 9344K, reserved 1048576K
}
Event: 144.992 GC heap after
{Heap after GC invocations=29 (full 0):
 garbage-first heap   total 157696K, used 32963K [0x0000000080000000, 0x0000000100000000)
  region size 1024K, 6 young (6144K), 6 survivors (6144K)
 Metaspace       used 75244K, capacity 76836K, committed 77008K, reserved 1118208K
  class space    used 8602K, capacity 9243K, committed 9344K, reserved 1048576K
}
Event: 149.042 GC heap before
{Heap before GC invocations=29 (full 0):
 garbage-first heap   total 157696K, used 121027K [0x0000000080000000, 0x0000000100000000)
  region size 1024K, 92 young (94208K), 6 survivors (6144K)
 Metaspace       used 78660K, capacity 80205K, committed 80336K, reserved 1120256K
  class space    used 8976K, capacity 9600K, committed 9600K, reserved 1048576K
}
Event: 149.079 GC heap after
{Heap after GC invocations=30 (full 0):
 garbage-first heap   total 157696K, used 34421K [0x0000000080000000, 0x0000000100000000)
  region size 1024K, 7 young (7168K), 7 survivors (7168K)
 Metaspace       used 78660K, capacity 80205K, committed 80336K, reserved 1120256K
  class space    used 8976K, capacity 9600K, committed 9600K, reserved 1048576K
}
Event: 151.165 GC heap before
{Heap before GC invocations=30 (full 0):
 garbage-first heap   total 157696K, used 121461K [0x0000000080000000, 0x0000000100000000)
  region size 1024K, 92 young (94208K), 7 survivors (7168K)
 Metaspace       used 80344K, capacity 82028K, committed 82128K, reserved 1122304K
  class space    used 9159K, capacity 9820K, committed 9856K, reserved 1048576K
}
Event: 151.184 GC heap after
{Heap after GC invocations=31 (full 0):
 garbage-first heap   total 157696K, used 37909K [0x0000000080000000, 0x0000000100000000)
  region size 1024K, 10 young (10240K), 10 survivors (10240K)
 Metaspace       used 80344K, capacity 82028K, committed 82128K, reserved 1122304K
  class space    used 9159K, capacity 9820K, committed 9856K, reserved 1048576K
}
Event: 152.961 GC heap before
{Heap before GC invocations=31 (full 0):
 garbage-first heap   total 157696K, used 121877K [0x0000000080000000, 0x0000000100000000)
  region size 1024K, 92 young (94208K), 10 survivors (10240K)
 Metaspace       used 82466K, capacity 84192K, committed 84432K, reserved 1124352K
  class space    used 9413K, capacity 10112K, committed 10112K, reserved 1048576K
}
Event: 153.034 GC heap after
{Heap after GC invocations=32 (full 0):
 garbage-first heap   total 157696K, used 40687K [0x0000000080000000, 0x0000000100000000)
  region size 1024K, 9 young (9216K), 9 survivors (9216K)
 Metaspace       used 82466K, capacity 84192K, committed 84432K, reserved 1124352K
  class space    used 9413K, capacity 10112K, committed 10112K, reserved 1048576K
}
Event: 154.928 GC heap before
{Heap before GC invocations=32 (full 0):
 garbage-first heap   total 157696K, used 125679K [0x0000000080000000, 0x0000000100000000)
  region size 1024K, 92 young (94208K), 9 survivors (9216K)
 Metaspace       used 85248K, capacity 87103K, committed 87248K, reserved 1126400K
  class space    used 9744K, capacity 10505K, committed 10624K, reserved 1048576K
}
Event: 154.952 GC heap after
{Heap after GC invocations=33 (full 0):
 garbage-first heap   total 157696K, used 42981K [0x0000000080000000, 0x0000000100000000)
  region size 1024K, 9 young (9216K), 9 survivors (9216K)
 Metaspace       used 85248K, capacity 87103K, committed 87248K, reserved 1126400K
  class space    used 9744K, capacity 10505K, committed 10624K, reserved 1048576K
}

Deoptimization events (10 events):
Event: 153.581 Thread 0x00000260530ee000 Uncommon trap: reason=unstable_if action=reinterpret pc=0x0000026063456e04 method=org.springframework.beans.factory.support.DefaultSingletonBeanRegistry.getSingleton(Ljava/lang/String;Z)Ljava/lang/Object; @ 89 c2
Event: 153.659 Thread 0x00000260530ee000 Uncommon trap: reason=array_check action=maybe_recompile pc=0x0000026063409f18 method=java.util.AbstractCollection.toArray([Ljava/lang/Object;)[Ljava/lang/Object; @ 116 c2
Event: 153.715 Thread 0x00000260530ee000 Uncommon trap: reason=null_check action=make_not_entrant pc=0x0000026063446a8c method=java.lang.Class.getMethodsRecursive(Ljava/lang/String;[Ljava/lang/Class;Z)Ljava/lang/PublicMethods$MethodList; @ 26 c2
Event: 153.716 Thread 0x00000260530ee000 Uncommon trap: reason=null_check action=make_not_entrant pc=0x0000026062f39344 method=org.springframework.util.ClassUtils.isAssignable(Ljava/lang/Class;Ljava/lang/Class;)Z @ 30 c2
Event: 153.774 Thread 0x00000260530ee000 Uncommon trap: reason=array_check action=maybe_recompile pc=0x0000026063409f18 method=java.util.AbstractCollection.toArray([Ljava/lang/Object;)[Ljava/lang/Object; @ 116 c2
Event: 153.805 Thread 0x00000260530ee000 Uncommon trap: reason=array_check action=maybe_recompile pc=0x0000026063410354 method=java.util.AbstractCollection.toArray([Ljava/lang/Object;)[Ljava/lang/Object; @ 116 c2
Event: 154.493 Thread 0x00000260530ee000 Uncommon trap: reason=speculate_null_assert action=make_not_entrant pc=0x00000260631c5bf0 method=org.springframework.util.ConcurrentReferenceHashMap$Segment.restructureIfNecessary(Z)V @ 85 c2
Event: 154.493 Thread 0x00000260530ee000 Uncommon trap: reason=class_check action=maybe_recompile pc=0x00000260631d1ae8 method=org.springframework.util.ConcurrentReferenceHashMap$Segment.findInChain(Lorg/springframework/util/ConcurrentReferenceHashMap$Reference;Ljava/lang/Object;I)Lorg/springfra
Event: 154.593 Thread 0x00000260530ee000 Uncommon trap: reason=class_check action=maybe_recompile pc=0x00000260631d1ae8 method=org.springframework.util.ConcurrentReferenceHashMap$Segment.findInChain(Lorg/springframework/util/ConcurrentReferenceHashMap$Reference;Ljava/lang/Object;I)Lorg/springfra
Event: 154.595 Thread 0x00000260530ee000 Uncommon trap: reason=class_check action=maybe_recompile pc=0x00000260631d1ae8 method=org.springframework.util.ConcurrentReferenceHashMap$Segment.findInChain(Lorg/springframework/util/ConcurrentReferenceHashMap$Reference;Ljava/lang/Object;I)Lorg/springfra

Classes redefined (0 events):
No events

Internal exceptions (10 events):
Event: 155.977 Thread 0x00000260530ee000 Exception <a 'java/lang/ClassNotFoundException'{0x0000000087905e70}: java/lang/ObjectCustomizer> (0x0000000087905e70) thrown at [./open/src/hotspot/share/classfile/systemDictionary.cpp, line 228]
Event: 156.006 Thread 0x00000260530ee000 Exception <a 'java/lang/ClassNotFoundException'{0x00000000879324f8}: org/springframework/boot/autoconfigure/http/JacksonHttpMessageConvertersConfigurationCustomizer> (0x00000000879324f8) thrown at [./open/src/hotspot/share/classfile/systemDictionary.cpp, 
Event: 156.012 Thread 0x00000260530ee000 Exception <a 'java/lang/ClassNotFoundException'{0x0000000087938fa0}: java/lang/ObjectCustomizer> (0x0000000087938fa0) thrown at [./open/src/hotspot/share/classfile/systemDictionary.cpp, line 228]
Event: 156.015 Thread 0x00000260530ee000 Exception <a 'java/lang/ClassNotFoundException'{0x0000000087964e28}: org/springframework/boot/autoconfigure/http/GsonHttpMessageConvertersConfigurationCustomizer> (0x0000000087964e28) thrown at [./open/src/hotspot/share/classfile/systemDictionary.cpp, lin
Event: 156.017 Thread 0x00000260530ee000 Exception <a 'java/lang/ClassNotFoundException'{0x000000008796cf38}: java/lang/ObjectCustomizer> (0x000000008796cf38) thrown at [./open/src/hotspot/share/classfile/systemDictionary.cpp, line 228]
Event: 156.019 Thread 0x00000260530ee000 Exception <a 'java/lang/ClassNotFoundException'{0x0000000087995228}: org/springframework/data/web/config/ProjectingArgumentResolverRegistrarCustomizer> (0x0000000087995228) thrown at [./open/src/hotspot/share/classfile/systemDictionary.cpp, line 228]
Event: 156.020 Thread 0x00000260530ee000 Exception <a 'java/lang/ClassNotFoundException'{0x00000000879c62e8}: org/springframework/data/web/config/ProjectingArgumentResolverRegistrar$$EnhancerBySpringCGLIB$$e6cce6a1Customizer> (0x00000000879c62e8) thrown at [./open/src/hotspot/share/classfile/sys
Event: 156.022 Thread 0x00000260530ee000 Exception <a 'java/lang/ClassNotFoundException'{0x00000000879f46a8}: org/springframework/context/annotation/ConfigurationClassEnhancer$EnhancedConfigurationCustomizer> (0x00000000879f46a8) thrown at [./open/src/hotspot/share/classfile/systemDictionary.cpp
Event: 156.023 Thread 0x00000260530ee000 Exception <a 'java/lang/ClassNotFoundException'{0x0000000087814bd8}: org/springframework/beans/factory/BeanFactoryAwareCustomizer> (0x0000000087814bd8) thrown at [./open/src/hotspot/share/classfile/systemDictionary.cpp, line 228]
Event: 156.024 Thread 0x00000260530ee000 Exception <a 'java/lang/ClassNotFoundException'{0x0000000087832110}: org/springframework/beans/factory/AwareCustomizer> (0x0000000087832110) thrown at [./open/src/hotspot/share/classfile/systemDictionary.cpp, line 228]

Events (10 events):
Event: 156.023 loading class org/springframework/beans/factory/AwareCustomizer
Event: 156.023 loading class org/springframework/beans/factory/AwareCustomizer done
Event: 156.024 loading class org/springframework/beans/factory/AwareCustomizer
Event: 156.024 loading class org/springframework/beans/factory/AwareCustomizer done
Event: 156.025 loading class org/springframework/boot/info/BuildProperties
Event: 156.025 loading class org/springframework/boot/info/BuildProperties done
Event: 156.026 loading class org/springframework/boot/info/InfoProperties
Event: 156.026 loading class org/springframework/boot/info/InfoProperties done
Event: 156.027 loading class org/springframework/boot/info/GitProperties
Event: 156.027 loading class org/springframework/boot/info/GitProperties done


Dynamic libraries:
0x00007ff62fb00000 - 0x00007ff62fb47000 	C:\Program Files\Java\jdk-11.0.7\bin\javaw.exe
0x00007ffdadb50000 - 0x00007ffdadd2b000 	C:\Windows\SYSTEM32\ntdll.dll
0x00007ffdab9a0000 - 0x00007ffdaba4e000 	C:\Windows\System32\KERNEL32.DLL
0x00007ffdaa2a0000 - 0x00007ffdaa4e9000 	C:\Windows\System32\KERNELBASE.dll
0x00007ffdac250000 - 0x00007ffdac2f1000 	C:\Windows\System32\ADVAPI32.dll
0x00007ffdab630000 - 0x00007ffdab6cd000 	C:\Windows\System32\msvcrt.dll
0x00007ffdac1f0000 - 0x00007ffdac249000 	C:\Windows\System32\sechost.dll
0x00007ffdab200000 - 0x00007ffdab325000 	C:\Windows\System32\RPCRT4.dll
0x00007ffdab0b0000 - 0x00007ffdab1fa000 	C:\Windows\System32\USER32.dll
0x00007ffdaa180000 - 0x00007ffdaa19e000 	C:\Windows\System32\win32u.dll
0x00007ffdac3d0000 - 0x00007ffdac3f7000 	C:\Windows\System32\GDI32.dll
0x00007ffdaacb0000 - 0x00007ffdaae39000 	C:\Windows\System32\gdi32full.dll
0x00007ffdab010000 - 0x00007ffdab0aa000 	C:\Windows\System32\msvcp_win.dll
0x00007ffdaa1a0000 - 0x00007ffdaa296000 	C:\Windows\System32\ucrtbase.dll
0x00007ffda7850000 - 0x00007ffda7ab7000 	C:\Windows\WinSxS\amd64_microsoft.windows.common-controls_6595b64144ccf1df_6.0.15063.0_none_108e4f62dfe5d999\COMCTL32.dll
0x00007ffda9c40000 - 0x00007ffda9c4a000 	C:\Windows\SYSTEM32\VERSION.dll
0x00007ffdad840000 - 0x00007ffdadb39000 	C:\Windows\System32\combase.dll
0x00007ffdaac40000 - 0x00007ffdaacaa000 	C:\Windows\System32\bcryptPrimitives.dll
0x00007ffdab5d0000 - 0x00007ffdab5fd000 	C:\Windows\System32\IMM32.DLL
0x00007ffda9e30000 - 0x00007ffda9e8d000 	C:\Program Files\Citrix\System32\MfApHook64.dll
0x00007ffda8fe0000 - 0x00007ffda900b000 	C:\Program Files\Citrix\ICAService\CtxDodHook64.dll
0x00007ffda9d50000 - 0x00007ffda9d82000 	C:\Program Files\Citrix\ICAService\picaFullScreenHookX64.dll
0x00007ffda97d0000 - 0x00007ffda9806000 	C:\Program Files\Citrix\ICAService\ShellHook64.dll
0x00007ffdab390000 - 0x00007ffdab4d3000 	C:\Windows\System32\ole32.dll
0x00007ffdac400000 - 0x00007ffdad837000 	C:\Windows\System32\SHELL32.dll
0x00007ffdaabf0000 - 0x00007ffdaac39000 	C:\Windows\System32\cfgmgr32.dll
0x00007ffdabe90000 - 0x00007ffdabf3a000 	C:\Windows\System32\shcore.dll
0x00007ffdaa4f0000 - 0x00007ffdaabe2000 	C:\Windows\System32\windows.storage.dll
0x00007ffdab4e0000 - 0x00007ffdab531000 	C:\Windows\System32\shlwapi.dll
0x00007ffdaa050000 - 0x00007ffdaa061000 	C:\Windows\System32\kernel.appcore.dll
0x00007ffdaa000000 - 0x00007ffdaa04c000 	C:\Windows\System32\powrprof.dll
0x00007ffda9fc0000 - 0x00007ffda9fd5000 	C:\Windows\System32\profapi.dll
0x00007ffda9650000 - 0x00007ffda97ca000 	C:\Program Files\Citrix\ICAService\SCardHook64.dll
0x00007ffda9350000 - 0x00007ffda937a000 	C:\Program Files\Citrix\ICAService\cxinjime64.dll
0x00007ffda9300000 - 0x00007ffda934c000 	C:\Program Files\Citrix\ICAService\PicaWtsHook64.dll
0x00007ffd89fe0000 - 0x00007ffd89ff6000 	C:\Program Files\Java\jdk-11.0.7\bin\vcruntime140.dll
0x00007ffd80000000 - 0x00007ffd800aa000 	C:\Program Files\Java\jdk-11.0.7\bin\msvcp140.dll
0x00007ffd65e00000 - 0x00007ffd66961000 	C:\Program Files\Java\jdk-11.0.7\bin\server\jvm.dll
0x00007ffdadb40000 - 0x00007ffdadb48000 	C:\Windows\System32\PSAPI.DLL
0x00007ffda3ef0000 - 0x00007ffda3f13000 	C:\Windows\SYSTEM32\WINMM.dll
0x00007ffd9a730000 - 0x00007ffd9a739000 	C:\Windows\SYSTEM32\WSOCK32.dll
0x00007ffdac360000 - 0x00007ffdac3cc000 	C:\Windows\System32\ws2_32.DLL
0x00007ffda3a60000 - 0x00007ffda3a8b000 	C:\Windows\SYSTEM32\WINMMBASE.dll
0x00007ffd8ab60000 - 0x00007ffd8ab71000 	C:\Program Files\Java\jdk-11.0.7\bin\verify.dll
0x00007ffda9010000 - 0x00007ffda91b9000 	C:\Windows\SYSTEM32\DBGHELP.DLL
0x00007ffda8f20000 - 0x00007ffda8f49000 	C:\Windows\SYSTEM32\dbgcore.DLL
0x00007ffd87e30000 - 0x00007ffd87e59000 	C:\Program Files\Java\jdk-11.0.7\bin\java.dll
0x00007ffda7bb0000 - 0x00007ffda7bba000 	C:\Program Files\Java\jdk-11.0.7\bin\jimage.dll
0x00007ffd87e00000 - 0x00007ffd87e30000 	C:\Program Files\Java\jdk-11.0.7\bin\instrument.dll
0x00007ffd85a20000 - 0x00007ffd85a36000 	C:\Program Files\Java\jdk-11.0.7\bin\zip.dll
0x00007ffd85a00000 - 0x00007ffd85a19000 	C:\Program Files\Java\jdk-11.0.7\bin\net.dll
0x00007ffda3830000 - 0x00007ffda3907000 	C:\Windows\SYSTEM32\WINHTTP.dll
0x00007ffda8a20000 - 0x00007ffda8a7c000 	C:\Windows\system32\mswsock.dll
0x00007ffd859e0000 - 0x00007ffd859f3000 	C:\Program Files\Java\jdk-11.0.7\bin\nio.dll
0x00007ffda1b60000 - 0x00007ffda1b76000 	C:\Windows\system32\napinsp.dll
0x00007ffda29e0000 - 0x00007ffda29fa000 	C:\Windows\system32\pnrpnsp.dll
0x00007ffda5870000 - 0x00007ffda5888000 	C:\Windows\system32\NLAapi.dll
0x00007ffda8800000 - 0x00007ffda88a4000 	C:\Windows\SYSTEM32\DNSAPI.dll
0x00007ffdab620000 - 0x00007ffdab628000 	C:\Windows\System32\NSI.dll
0x00007ffda87c0000 - 0x00007ffda87f7000 	C:\Windows\SYSTEM32\IPHLPAPI.DLL
0x00007ffda2a70000 - 0x00007ffda2a7e000 	C:\Windows\System32\winrnr.dll
0x00007ffda4760000 - 0x00007ffda476a000 	C:\Windows\System32\rasadhlp.dll
0x00007ffda5360000 - 0x00007ffda53cb000 	C:\Windows\System32\fwpuclnt.dll
0x00007ffda9e90000 - 0x00007ffda9eb5000 	C:\Windows\SYSTEM32\bcrypt.dll
0x00007ffda54b0000 - 0x00007ffda54c6000 	C:\Windows\SYSTEM32\dhcpcsvc6.DLL
0x00007ffda5490000 - 0x00007ffda54aa000 	C:\Windows\SYSTEM32\dhcpcsvc.DLL
0x00007ffd90310000 - 0x00007ffd90319000 	C:\Program Files\Java\jdk-11.0.7\bin\management.dll
0x00007ffd8f4b0000 - 0x00007ffd8f4bc000 	C:\Program Files\Java\jdk-11.0.7\bin\management_ext.dll
0x00007ffda8fc0000 - 0x00007ffda8fd7000 	C:\Windows\SYSTEM32\CRYPTSP.dll
0x00007ffda8650000 - 0x00007ffda8684000 	C:\Windows\system32\rsaenh.dll
0x00007ffda9ec0000 - 0x00007ffda9ee9000 	C:\Windows\SYSTEM32\USERENV.dll
0x00007ffda8bc0000 - 0x00007ffda8bcb000 	C:\Windows\SYSTEM32\CRYPTBASE.dll

dbghelp: loaded successfully - version: 4.0.5 - missing functions: none
symbol engine: initialized successfully - sym options: 0x614 - pdb path: .;C:\Program Files\Java\jdk-11.0.7\bin;C:\Windows\SYSTEM32;C:\Windows\WinSxS\amd64_microsoft.windows.common-controls_6595b64144ccf1df_6.0.15063.0_none_108e4f62dfe5d999;C:\Program Files\Citrix\System32;C:\Program Files\Citrix\ICAService;C:\Program Files\Java\jdk-11.0.7\bin\server

VM Arguments:
jvm_args: -javaagent:D:\spring-tool-suite-3.9.9.RELEASE-e4.12.0-win32-x86_64\sts-bundle\sts-3.9.9.RELEASE\configuration\org.eclipse.osgi\908\0\.cp\jacocoagent.jar=includes=*,excludes=,exclclassloader=sun.reflect.DelegatingClassLoader,output=tcpclient,port=60811 -ea -Dfile.encoding=UTF-8 
java_command: org.eclipse.jdt.internal.junit.runner.RemoteTestRunner -version 3 -port 60815 -testLoaderClass org.eclipse.jdt.internal.junit5.runner.JUnit5TestLoader -loaderpluginname org.eclipse.jdt.junit5.runtime -packageNameFile C:\Users\CTSJAV~1\AppData\Local\Temp\packageNames4588978579574658697.txt
java_class_path (initial): C:\Rabo_azure\search\target\test-classes;C:\Rabo_azure\search\target\classes;C:\Users\ctsjava106\.m2\repository\org\springframework\boot\spring-boot-starter-data-jpa\2.2.9.RELEASE\spring-boot-starter-data-jpa-2.2.9.RELEASE.jar;C:\Users\ctsjava106\.m2\repository\org\springframework\boot\spring-boot-starter-aop\2.2.9.RELEASE\spring-boot-starter-aop-2.2.9.RELEASE.jar;C:\Users\ctsjava106\.m2\repository\org\springframework\spring-aop\5.2.8.RELEASE\spring-aop-5.2.8.RELEASE.jar;C:\Users\ctsjava106\.m2\repository\org\aspectj\aspectjweaver\1.9.6\aspectjweaver-1.9.6.jar;C:\Users\ctsjava106\.m2\repository\org\springframework\boot\spring-boot-starter-jdbc\2.2.9.RELEASE\spring-boot-starter-jdbc-2.2.9.RELEASE.jar;C:\Users\ctsjava106\.m2\repository\com\zaxxer\HikariCP\3.4.5\HikariCP-3.4.5.jar;C:\Users\ctsjava106\.m2\repository\org\springframework\spring-jdbc\5.2.8.RELEASE\spring-jdbc-5.2.8.RELEASE.jar;C:\Users\ctsjava106\.m2\repository\jakarta\persistence\jakarta.persistence-api\2.2.3\jakarta.persistence-api-2.2.3.jar;C:\Users\ctsjava106\.m2\repository\jakarta\transaction\jakarta.transaction-api\1.3.3\jakarta.transaction-api-1.3.3.jar;C:\Users\ctsjava106\.m2\repository\org\hibernate\hibernate-core\5.4.18.Final\hibernate-core-5.4.18.Final.jar;C:\Users\ctsjava106\.m2\repository\org\jboss\logging\jboss-logging\3.4.1.Final\jboss-logging-3.4.1.Final.jar;C:\Users\ctsjava106\.m2\repository\org\javassist\javassist\3.24.0-GA\javassist-3.24.0-GA.jar;C:\Users\ctsjava106\.m2\repository\net\bytebuddy\byte-buddy\1.10.13\byte-buddy-1.10.13.jar;C:\Users\ctsjava106\.m2\repository\antlr\antlr\2.7.7\antlr-2.7.7.jar;C:\Users\ctsjava106\.m2\repository\org\jboss\jandex\2.1.3.Final\jandex-2.1.3.Final.jar;C:\Users\ctsjava106\.m2\repository\org\dom4j\dom4j\2.1.3\dom4j-2.1.3.jar;C:\Users\ctsjava106\.m2\repository\org\hibernate\common\hibernate-commons-annotations\5.1.0.Final\hibernate-commons-annotations-5.1.0.Final.jar;C:\Users\ctsjava106\.m2\repository\org\glassfish\jaxb\jaxb
Launcher Type: SUN_STANDARD

[Global flags]
     intx CICompilerCount                          = 3                                         {product} {ergonomic}
     uint ConcGCThreads                            = 1                                         {product} {ergonomic}
     uint G1ConcRefinementThreads                  = 4                                         {product} {ergonomic}
   size_t G1HeapRegionSize                         = 1048576                                   {product} {ergonomic}
    uintx GCDrainStackTargetSize                   = 64                                        {product} {ergonomic}
   size_t InitialHeapSize                          = 134217728                                 {product} {ergonomic}
   size_t MarkStackSize                            = 4194304                                   {product} {ergonomic}
   size_t MaxHeapSize                              = 2147483648                                {product} {ergonomic}
   size_t MaxNewSize                               = 1287651328                                {product} {ergonomic}
   size_t MinHeapDeltaBytes                        = 1048576                                   {product} {ergonomic}
    uintx NonNMethodCodeHeapSize                   = 5830732                                {pd product} {ergonomic}
    uintx NonProfiledCodeHeapSize                  = 122913754                              {pd product} {ergonomic}
    uintx ProfiledCodeHeapSize                     = 122913754                              {pd product} {ergonomic}
    uintx ReservedCodeCacheSize                    = 251658240                              {pd product} {ergonomic}
     bool SegmentedCodeCache                       = true                                      {product} {ergonomic}
     bool UseCompressedClassPointers               = true                                 {lp64_product} {ergonomic}
     bool UseCompressedOops                        = true                                 {lp64_product} {ergonomic}
     bool UseG1GC                                  = true                                      {product} {ergonomic}
     bool UseLargePagesIndividualAllocation        = false                                  {pd product} {ergonomic}

Logging:
Log output configuration:
 #0: stdout all=warning uptime,level,tags
 #1: stderr all=off uptime,level,tags

Environment Variables:
PATH=C:/Program Files/Java/jdk-11.0.7/bin/server;C:/Program Files/Java/jdk-11.0.7/bin;C:\Program Files (x86)\Microsoft SDKs\Azure\CLI2\wbin;C:\ProgramData\DockerDesktop\version-bin;C:\Program Files\Docker\Docker\Resources\bin;C:\Program Files (x86)\Python38-32\Scripts\;C:\Program Files (x86)\Python38-32\;C:\Windows\system32;C:\Windows;C:\Windows\System32\Wbem;C:\Windows\System32\WindowsPowerShell\v1.0\;C:\Program Files\Citrix\System32\;C:\Program Files\Citrix\ICAService\;C:\Program Files\Citrix\Virtual Desktop Agent\;C:\Program Files\Java\jdk-11.0.7\bin;C:\apache-maven-3.6.3-bin\apache-maven-3.6.3\bin;D:\sonarqube-8.3.1.34397\sonarqube-8.3.1.34397\bin;C:\Program Files\nodejs\;C:\Program Files\Git\cmd;C:\Program Files\Microsoft VS Code\bin;C:\Program Files\Amazon\AWSCLIV2\;D:\java\curl-7.68.0-win64-mingw\curl-7.68.0-win64-mingw\bin;C:\Program Files\Cloud Foundry;C:\Users\ctsjava106\AppData\Roaming\npm\node_modules\@angular\cli\bin;C:\Users\ctsjava106\AppData\Roaming\npm;C:\Program Files (x86)\Brackets\command;C:\Users\ctsjava106\AppData\Local\Microsoft\WindowsApps;C:\Users\ctsjava106\AppData\Local\Programs\Microsoft VS Code\bin;C:\Users\ctsjava106\AppData\Roaming\npm;C:\Users\ctsjava106\AppData\Local\GitHubDesktop\bin;D:\spring-tool-suite-3.9.9.RELEASE-e4.12.0-win32-x86_64\sts-bundle\sts-3.9.9.RELEASE;
USERNAME=ctsjava106
OS=Windows_NT
PROCESSOR_IDENTIFIER=Intel64 Family 6 Model 85 Stepping 4, GenuineIntel



---------------  S Y S T E M  ---------------

OS: Windows 10 , 64 bit Build 15063 (10.0.15063.0)

CPU:total 4 (initial active 4) (2 cores per cpu, 1 threads per core) family 6 model 85 stepping 4, cmov, cx8, fxsr, mmx, sse, sse2, sse3, ssse3, sse4.1, sse4.2, popcnt, avx, avx2, aes, clmul, erms, rtm, 3dnowpref, lzcnt, tsc, tscinvbit, bmi1, bmi2, adx, fma

Memory: 4k page, system-wide physical 8191M (64M free)
TotalPageFile size 18755M (AvailPageFile size 2400M)
current process WorkingSet (physical memory assigned to process): 359M, peak: 363M
current process commit charge ("private bytes"): 405M, peak: 409M

vm_info: Java HotSpot(TM) 64-Bit Server VM (11.0.7+8-LTS) for windows-amd64 JRE (11.0.7+8-LTS), built on Mar 12 2020 02:04:32 by "mach5one" with MS VC++ 15.5 (VS2017)

END.
